  CreateBackground.cpp
c:\users\joshl\onedrive\documents\c++\zombies!!!\zombies!!!\createbackground.cpp(25): warning C4244: 'argument': conversion from 'int' to 'T', possible loss of data
          with
          [
              T=float
          ]
c:\users\joshl\onedrive\documents\c++\zombies!!!\zombies!!!\createbackground.cpp(27): warning C4244: 'argument': conversion from 'int' to 'T', possible loss of data
          with
          [
              T=float
          ]
c:\users\joshl\onedrive\documents\c++\zombies!!!\zombies!!!\createbackground.cpp(29): warning C4244: 'argument': conversion from 'int' to 'T', possible loss of data
          with
          [
              T=float
          ]
c:\users\joshl\onedrive\documents\c++\zombies!!!\zombies!!!\createbackground.cpp(31): warning C4244: 'argument': conversion from 'int' to 'T', possible loss of data
          with
          [
              T=float
          ]
c:\users\joshl\onedrive\documents\c++\zombies!!!\zombies!!!\createbackground.cpp(54): warning C4244: 'argument': conversion from 'int' to 'T', possible loss of data
          with
          [
              T=float
          ]
c:\users\joshl\onedrive\documents\c++\zombies!!!\zombies!!!\createbackground.cpp(56): warning C4244: 'argument': conversion from 'int' to 'T', possible loss of data
          with
          [
              T=float
          ]
c:\users\joshl\onedrive\documents\c++\zombies!!!\zombies!!!\createbackground.cpp(58): warning C4244: 'argument': conversion from 'int' to 'T', possible loss of data
          with
          [
              T=float
          ]
c:\users\joshl\onedrive\documents\c++\zombies!!!\zombies!!!\createbackground.cpp(60): warning C4244: 'argument': conversion from 'int' to 'T', possible loss of data
          with
          [
              T=float
          ]
  CreateHorde.cpp
c:\users\joshl\onedrive\documents\c++\zombies!!!\zombies!!!\createhorde.cpp(21): warning C4244: '=': conversion from 'int' to 'float', possible loss of data
c:\users\joshl\onedrive\documents\c++\zombies!!!\zombies!!!\createhorde.cpp(22): warning C4244: '=': conversion from 'int' to 'float', possible loss of data
c:\users\joshl\onedrive\documents\c++\zombies!!!\zombies!!!\createhorde.cpp(25): warning C4244: '=': conversion from 'int' to 'float', possible loss of data
c:\users\joshl\onedrive\documents\c++\zombies!!!\zombies!!!\createhorde.cpp(26): warning C4244: '=': conversion from 'int' to 'float', possible loss of data
c:\users\joshl\onedrive\documents\c++\zombies!!!\zombies!!!\createhorde.cpp(29): warning C4244: '=': conversion from 'int' to 'float', possible loss of data
c:\users\joshl\onedrive\documents\c++\zombies!!!\zombies!!!\createhorde.cpp(30): warning C4244: '=': conversion from 'int' to 'float', possible loss of data
c:\users\joshl\onedrive\documents\c++\zombies!!!\zombies!!!\createhorde.cpp(33): warning C4244: '=': conversion from 'int' to 'float', possible loss of data
c:\users\joshl\onedrive\documents\c++\zombies!!!\zombies!!!\createhorde.cpp(34): warning C4244: '=': conversion from 'int' to 'float', possible loss of data
  Player.cpp
c:\users\joshl\onedrive\documents\c++\zombies!!!\zombies!!!\player.cpp(9): warning C4244: '=': conversion from 'const float' to 'int', possible loss of data
c:\users\joshl\onedrive\documents\c++\zombies!!!\zombies!!!\player.cpp(11): warning C4244: '=': conversion from 'const float' to 'int', possible loss of data
c:\users\joshl\onedrive\documents\c++\zombies!!!\zombies!!!\player.cpp(19): warning C4244: '=': conversion from 'int' to 'T', possible loss of data
          with
          [
              T=float
          ]
c:\users\joshl\onedrive\documents\c++\zombies!!!\zombies!!!\player.cpp(20): warning C4244: '=': conversion from 'int' to 'T', possible loss of data
          with
          [
              T=float
          ]
c:\users\joshl\onedrive\documents\c++\zombies!!!\zombies!!!\player.cpp(38): warning C4244: '=': conversion from 'const float' to 'int', possible loss of data
c:\users\joshl\onedrive\documents\c++\zombies!!!\zombies!!!\player.cpp(39): warning C4244: '=': conversion from 'const float' to 'int', possible loss of data
c:\users\joshl\onedrive\documents\c++\zombies!!!\zombies!!!\player.cpp(117): warning C4244: '=': conversion from 'int' to 'T', possible loss of data
          with
          [
              T=float
          ]
c:\users\joshl\onedrive\documents\c++\zombies!!!\zombies!!!\player.cpp(120): warning C4244: '=': conversion from 'int' to 'T', possible loss of data
          with
          [
              T=float
          ]
c:\users\joshl\onedrive\documents\c++\zombies!!!\zombies!!!\player.cpp(123): warning C4244: '=': conversion from 'int' to 'T', possible loss of data
          with
          [
              T=float
          ]
c:\users\joshl\onedrive\documents\c++\zombies!!!\zombies!!!\player.cpp(126): warning C4244: '=': conversion from 'int' to 'T', possible loss of data
          with
          [
              T=float
          ]
c:\users\joshl\onedrive\documents\c++\zombies!!!\zombies!!!\player.cpp(131): warning C4244: 'initializing': conversion from 'double' to 'float', possible loss of data
c:\users\joshl\onedrive\documents\c++\zombies!!!\zombies!!!\player.cpp(135): warning C4244: '+=': conversion from 'double' to 'float', possible loss of data
c:\users\joshl\onedrive\documents\c++\zombies!!!\zombies!!!\player.cpp(138): warning C4244: '+=': conversion from 'double' to 'int', possible loss of data
  Zombie.cpp
c:\users\joshl\onedrive\documents\c++\zombies!!!\zombies!!!\zombie.cpp(51): warning C4244: 'initializing': conversion from 'int' to 'float', possible loss of data
c:\users\joshl\onedrive\documents\c++\zombies!!!\zombies!!!\zombie.cpp(96): warning C4244: 'initializing': conversion from 'double' to 'float', possible loss of data
  Zombies.cpp
c:\users\joshl\onedrive\documents\c++\zombies!!!\zombies!!!\zombies.cpp(21): warning C4244: '=': conversion from 'unsigned int' to 'T', possible loss of data
          with
          [
              T=float
          ]
c:\users\joshl\onedrive\documents\c++\zombies!!!\zombies!!!\zombies.cpp(22): warning C4244: '=': conversion from 'unsigned int' to 'T', possible loss of data
          with
          [
              T=float
          ]
c:\users\joshl\onedrive\documents\c++\zombies!!!\zombies!!!\zombies.cpp(24): warning C4244: 'argument': conversion from 'T' to 'unsigned int', possible loss of data
          with
          [
              T=float
          ]
c:\users\joshl\onedrive\documents\c++\zombies!!!\zombies!!!\zombies.cpp(137): warning C4552: '-': result of expression not used
  Generating Code...
  Zombies!!!.vcxproj -> C:\Users\joshl\OneDrive\Documents\C++\Zombies!!!\Debug\Zombies!!!.exe
